<?xml version="1.0" encoding="UTF-8"?>
<!-- Generated by org.testng.reporters.JUnitReportReporter -->
<testsuite hostname="George-Smith" failures="0" tests="2" name="testcases.SignIn_Test" time="22.564" errors="0" timestamp="2024-05-09T23:26:21 PKT" skipped="0">
  <testcase classname="testcases.SignIn_Test" name="LoginWIthValidCreds" time="11.136"/>
  <testcase classname="testcases.SignIn_Test" name="invalidCreds" time="11.428"/>
</testsuite> <!-- testcases.SignIn_Test -->
